  3. Bank System.cpp
C:\Users\moata\OneDrive - Ministere de l'Enseignement Superieur et de la Recherche Scientifique\Documents\MOATAZ\C++\Course11\3. Bank System - Ultimate\clsString.h(39,25): warning C4267: 'return': conversion from 'size_t' to 'short', possible loss of data
  (compiling source file '3.%20Bank%20System.cpp')
  
C:\Users\moata\OneDrive - Ministere de l'Enseignement Superieur et de la Recherche Scientifique\Documents\MOATAZ\C++\Course11\3. Bank System - Ultimate\clsString.h(44,29): warning C4267: 'return': conversion from 'size_t' to 'short', possible loss of data
  (compiling source file '3.%20Bank%20System.cpp')
  
C:\Users\moata\OneDrive - Ministere de l'Enseignement Superieur et de la Recherche Scientifique\Documents\MOATAZ\C++\Course11\3. Bank System - Ultimate\clsString.h(56,30): warning C4267: '=': conversion from 'size_t' to 'short', possible loss of data
  (compiling source file '3.%20Bank%20System.cpp')
  
C:\Users\moata\OneDrive - Ministere de l'Enseignement Superieur et de la Recherche Scientifique\Documents\MOATAZ\C++\Course11\3. Bank System - Ultimate\clsString.h(193,29): warning C4267: 'return': conversion from 'size_t' to 'short', possible loss of data
  (compiling source file '3.%20Bank%20System.cpp')
  
C:\Users\moata\OneDrive - Ministere de l'Enseignement Superieur et de la Recherche Scientifique\Documents\MOATAZ\C++\Course11\3. Bank System - Ultimate\clsString.h(324,30): warning C4267: '=': conversion from 'size_t' to 'short', possible loss of data
  (compiling source file '3.%20Bank%20System.cpp')
  
C:\Users\moata\OneDrive - Ministere de l'Enseignement Superieur et de la Recherche Scientifique\Documents\MOATAZ\C++\Course11\3. Bank System - Ultimate\clsString.h(372,22): warning C4267: 'initializing': conversion from 'size_t' to 'short', possible loss of data
  (compiling source file '3.%20Bank%20System.cpp')
  
C:\Users\moata\OneDrive - Ministere de l'Enseignement Superieur et de la Recherche Scientifique\Documents\MOATAZ\C++\Course11\3. Bank System - Ultimate\clsUtil.h(64,5): warning C4102: 'defualt': unreferenced label
  (compiling source file '3.%20Bank%20System.cpp')
  
C:\Users\moata\OneDrive - Ministere de l'Enseignement Superieur et de la Recherche Scientifique\Documents\MOATAZ\C++\Course11\3. Bank System - Ultimate\clsUser.h(198,12): warning C4240: nonstandard extension used: access to 'clsUser::stLoginRegisterRecord' now defined to be 'public', previously it was defined to be 'private'
  (compiling source file '3.%20Bank%20System.cpp')
  C:\Users\moata\OneDrive - Ministere de l'Enseignement Superieur et de la Recherche Scientifique\Documents\MOATAZ\C++\Course11\3. Bank System - Ultimate\clsUser.h(26,12):
  see declaration of 'clsUser::stLoginRegisterRecord'
  
C:\Users\moata\OneDrive - Ministere de l'Enseignement Superieur et de la Recherche Scientifique\Documents\MOATAZ\C++\Course11\3. Bank System - Ultimate\clsBankClient.h(206,12): warning C4240: nonstandard extension used: access to 'clsBankClient::stTransferLogRecord' now defined to be 'public', previously it was defined to be 'private'
  (compiling source file '3.%20Bank%20System.cpp')
  C:\Users\moata\OneDrive - Ministere de l'Enseignement Superieur et de la Recherche Scientifique\Documents\MOATAZ\C++\Course11\3. Bank System - Ultimate\clsBankClient.h(152,12):
  see declaration of 'clsBankClient::stTransferLogRecord'
  
C:\Users\moata\OneDrive - Ministere de l'Enseignement Superieur et de la Recherche Scientifique\Documents\MOATAZ\C++\Course11\3. Bank System - Ultimate\clsBankClient.h(28,65): warning C4244: 'argument': conversion from 'double' to 'float', possible loss of data
  (compiling source file '3.%20Bank%20System.cpp')
  
C:\Users\moata\OneDrive - Ministere de l'Enseignement Superieur et de la Recherche Scientifique\Documents\MOATAZ\C++\Course11\3. Bank System - Ultimate\clsBankClient.h(162,39): warning C4244: '=': conversion from 'double' to 'float', possible loss of data
  (compiling source file '3.%20Bank%20System.cpp')
  
C:\Users\moata\OneDrive - Ministere de l'Enseignement Superieur et de la Recherche Scientifique\Documents\MOATAZ\C++\Course11\3. Bank System - Ultimate\clsBankClient.h(163,48): warning C4244: '=': conversion from 'double' to 'float', possible loss of data
  (compiling source file '3.%20Bank%20System.cpp')
  
C:\Users\moata\OneDrive - Ministere de l'Enseignement Superieur et de la Recherche Scientifique\Documents\MOATAZ\C++\Course11\3. Bank System - Ultimate\clsBankClient.h(164,49): warning C4244: '=': conversion from 'double' to 'float', possible loss of data
  (compiling source file '3.%20Bank%20System.cpp')
  
C:\Users\moata\OneDrive - Ministere de l'Enseignement Superieur et de la Recherche Scientifique\Documents\MOATAZ\C++\Course11\3. Bank System - Ultimate\clsBankClient.h(421,28): warning C4244: '+=': conversion from 'double' to 'float', possible loss of data
  (compiling source file '3.%20Bank%20System.cpp')
  
C:\Users\moata\OneDrive - Ministere de l'Enseignement Superieur et de la Recherche Scientifique\Documents\MOATAZ\C++\Course11\3. Bank System - Ultimate\clsBankClient.h(434,32): warning C4244: '-=': conversion from 'double' to 'float', possible loss of data
  (compiling source file '3.%20Bank%20System.cpp')
  
C:\Users\moata\OneDrive - Ministere de l'Enseignement Superieur et de la Recherche Scientifique\Documents\MOATAZ\C++\Course11\3. Bank System - Ultimate\clsTotalBalancesScreen.h(57,82): warning C4244: 'argument': conversion from 'double' to 'int', possible loss of data
  (compiling source file '3.%20Bank%20System.cpp')
  
C:\Users\moata\OneDrive - Ministere de l'Enseignement Superieur et de la Recherche Scientifique\Documents\MOATAZ\C++\Course11\3. Bank System - Ultimate\clsCurrency.h(27,17): warning C4244: 'argument': conversion from 'double' to 'float', possible loss of data
  (compiling source file '3.%20Bank%20System.cpp')
  
C:\Users\moata\OneDrive - Ministere de l'Enseignement Superieur et de la Recherche Scientifique\Documents\MOATAZ\C++\Course11\3. Bank System - Ultimate\clsBankClient.h(376,1): warning C4715: 'clsBankClient::Save': not all control paths return a value
C:\Users\moata\OneDrive - Ministere de l'Enseignement Superieur et de la Recherche Scientifique\Documents\MOATAZ\C++\Course11\3. Bank System - Ultimate\clsUser.h(360,1): warning C4715: 'clsUser::Save': not all control paths return a value
C:\Users\moata\OneDrive - Ministere de l'Enseignement Superieur et de la Recherche Scientifique\Documents\MOATAZ\C++\Course11\3. Bank System - Ultimate\clsBankClient.h(438,1): warning C4715: 'clsBankClient::Withdraw': not all control paths return a value
  3. Bank System.vcxproj -> C:\Users\moata\OneDrive - Ministere de l'Enseignement Superieur et de la Recherche Scientifique\Documents\MOATAZ\C++\Course11\3. Bank System - Ultimate\x64\Debug\3. Bank System.exe
